2025-09-20 23:03:56,782 - comtypes.client._code_cache - INFO - Imported existing <module 'comtypes.gen' from 'C:\\Users\\saniy\\AppData\\Local\\Programs\\Python\\Python39\\lib\\site-packages\\comtypes\\gen\\__init__.py'>
2025-09-20 23:03:56,784 - comtypes.client._code_cache - INFO - Using writeable comtypes cache directory: 'C:\Users\saniy\AppData\Local\Programs\Python\Python39\lib\site-packages\comtypes\gen'
2025-09-20 23:03:58,056 - httpx - INFO - HTTP Request: GET https://ndgwtylymhghkkywykkl.supabase.co/rest/v1/patients?select=%2A "HTTP/2 200 OK"
2025-09-20 23:03:58,066 - __main__ - INFO - Loaded 3 patients
2025-09-20 23:03:58,069 - __main__ - INFO - Starting Flask server on port 8000...
2025-09-20 23:03:58,237 - werkzeug - INFO - [31m[1mWARNING: This is a development server. Do not use it in a production deployment. Use a production WSGI server instead.[0m
 * Running on all addresses (0.0.0.0)
 * Running on http://127.0.0.1:8000
 * Running on http://192.168.0.3:8000
2025-09-20 23:03:58,237 - werkzeug - INFO - [33mPress CTRL+C to quit[0m
2025-09-20 23:27:17,797 - comtypes.client._code_cache - INFO - Imported existing <module 'comtypes.gen' from 'C:\\Users\\saniy\\AppData\\Local\\Programs\\Python\\Python39\\lib\\site-packages\\comtypes\\gen\\__init__.py'>
2025-09-20 23:27:17,800 - comtypes.client._code_cache - INFO - Using writeable comtypes cache directory: 'C:\Users\saniy\AppData\Local\Programs\Python\Python39\lib\site-packages\comtypes\gen'
2025-09-20 23:27:18,638 - httpx - INFO - HTTP Request: GET https://ndgwtylymhghkkywykkl.supabase.co/rest/v1/patients?select=%2A "HTTP/2 200 OK"
2025-09-20 23:27:20,103 - __main__ - INFO - Loaded 2 patients
2025-09-20 23:27:20,104 - __main__ - INFO - Starting Flask server on port 8000...
2025-09-20 23:27:20,147 - werkzeug - INFO - [31m[1mWARNING: This is a development server. Do not use it in a production deployment. Use a production WSGI server instead.[0m
 * Running on all addresses (0.0.0.0)
 * Running on http://127.0.0.1:8000
 * Running on http://192.168.0.3:8000
2025-09-20 23:27:20,147 - werkzeug - INFO - [33mPress CTRL+C to quit[0m
2025-09-20 23:45:12,027 - comtypes.client._code_cache - INFO - Imported existing <module 'comtypes.gen' from 'C:\\Users\\saniy\\AppData\\Local\\Programs\\Python\\Python39\\lib\\site-packages\\comtypes\\gen\\__init__.py'>
2025-09-20 23:45:12,029 - comtypes.client._code_cache - INFO - Using writeable comtypes cache directory: 'C:\Users\saniy\AppData\Local\Programs\Python\Python39\lib\site-packages\comtypes\gen'
2025-09-20 23:45:13,588 - httpx - INFO - HTTP Request: GET https://ndgwtylymhghkkywykkl.supabase.co/rest/v1/patients?select=%2A "HTTP/2 200 OK"
2025-09-20 23:45:14,210 - __main__ - INFO - Loaded 2 patients
2025-09-20 23:45:14,212 - __main__ - INFO - Starting Flask server on port 8000...
2025-09-20 23:45:14,276 - werkzeug - INFO - [31m[1mWARNING: This is a development server. Do not use it in a production deployment. Use a production WSGI server instead.[0m
 * Running on all addresses (0.0.0.0)
 * Running on http://127.0.0.1:8000
 * Running on http://192.168.0.3:8000
2025-09-20 23:45:14,276 - werkzeug - INFO - [33mPress CTRL+C to quit[0m
2025-09-21 06:44:29,403 - comtypes.client._code_cache - INFO - Imported existing <module 'comtypes.gen' from 'C:\\Users\\saniy\\AppData\\Local\\Programs\\Python\\Python39\\lib\\site-packages\\comtypes\\gen\\__init__.py'>
2025-09-21 06:44:29,405 - comtypes.client._code_cache - INFO - Using writeable comtypes cache directory: 'C:\Users\saniy\AppData\Local\Programs\Python\Python39\lib\site-packages\comtypes\gen'
2025-09-21 06:44:30,179 - __main__ - ERROR - Error loading patients: [Errno 11001] getaddrinfo failed
2025-09-21 06:44:30,180 - __main__ - INFO - Loaded 0 patients
2025-09-21 06:44:30,184 - __main__ - INFO - Starting Flask server on port 8000...
2025-09-21 06:44:30,200 - websockets.server - INFO - server listening on 0.0.0.0:8001
2025-09-21 06:44:30,201 - __main__ - INFO - WebSocket server started on port 8001
2025-09-21 06:44:30,265 - werkzeug - INFO - [31m[1mWARNING: This is a development server. Do not use it in a production deployment. Use a production WSGI server instead.[0m
 * Running on all addresses (0.0.0.0)
 * Running on http://127.0.0.1:8000
 * Running on http://192.168.0.3:8000
2025-09-21 06:44:30,266 - werkzeug - INFO - [33mPress CTRL+C to quit[0m
2025-09-21 07:25:22,583 - websockets.server - INFO - connection open
2025-09-21 07:25:22,576 - werkzeug - INFO - 127.0.0.1 - - [21/Sep/2025 07:25:22] "OPTIONS /api/start-monitoring HTTP/1.1" 200 -
2025-09-21 07:25:22,663 - werkzeug - INFO - 127.0.0.1 - - [21/Sep/2025 07:25:22] "POST /api/start-monitoring HTTP/1.1" 200 -
2025-09-21 07:25:33,042 - __main__ - INFO - Started monitoring camera 0
2025-09-21 07:25:33,077 - __main__ - ERROR - Failed to read frame from camera 0
2025-09-21 07:25:34,080 - __main__ - ERROR - Failed to read frame from camera 0
2025-09-21 07:25:35,093 - __main__ - ERROR - Failed to read frame from camera 0
2025-09-21 07:25:36,096 - __main__ - ERROR - Failed to read frame from camera 0
2025-09-21 07:25:37,136 - __main__ - ERROR - Failed to read frame from camera 0
2025-09-21 07:25:38,151 - __main__ - ERROR - Failed to read frame from camera 0
2025-09-21 07:25:39,163 - __main__ - ERROR - Failed to read frame from camera 0
2025-09-21 07:25:40,176 - __main__ - ERROR - Failed to read frame from camera 0
2025-09-21 07:25:41,190 - __main__ - ERROR - Failed to read frame from camera 0
2025-09-21 07:25:42,205 - __main__ - ERROR - Failed to read frame from camera 0
2025-09-21 07:25:43,222 - __main__ - ERROR - Failed to read frame from camera 0
2025-09-21 07:25:44,233 - __main__ - ERROR - Failed to read frame from camera 0
2025-09-21 07:25:45,248 - __main__ - ERROR - Failed to read frame from camera 0
2025-09-21 07:25:46,261 - __main__ - ERROR - Failed to read frame from camera 0
2025-09-21 07:25:47,263 - __main__ - ERROR - Failed to read frame from camera 0
2025-09-21 07:25:48,271 - __main__ - ERROR - Failed to read frame from camera 0
2025-09-21 07:25:49,284 - __main__ - ERROR - Failed to read frame from camera 0
2025-09-21 07:25:50,299 - __main__ - ERROR - Failed to read frame from camera 0
2025-09-21 07:25:51,312 - __main__ - ERROR - Failed to read frame from camera 0
2025-09-21 07:25:52,325 - __main__ - ERROR - Failed to read frame from camera 0
2025-09-21 07:25:53,341 - __main__ - ERROR - Failed to read frame from camera 0
2025-09-21 07:25:54,354 - __main__ - ERROR - Failed to read frame from camera 0
2025-09-21 07:25:55,363 - __main__ - ERROR - Failed to read frame from camera 0
2025-09-21 07:25:56,377 - __main__ - ERROR - Failed to read frame from camera 0
2025-09-21 07:25:57,389 - __main__ - ERROR - Failed to read frame from camera 0
2025-09-21 07:25:58,399 - __main__ - ERROR - Failed to read frame from camera 0
2025-09-21 07:25:59,401 - __main__ - ERROR - Failed to read frame from camera 0
2025-09-21 07:26:00,403 - __main__ - ERROR - Failed to read frame from camera 0
2025-09-21 07:26:01,403 - __main__ - ERROR - Failed to read frame from camera 0
2025-09-21 07:26:02,419 - __main__ - ERROR - Failed to read frame from camera 0
2025-09-21 07:26:03,454 - __main__ - ERROR - Failed to read frame from camera 0
2025-09-21 07:26:04,465 - __main__ - ERROR - Failed to read frame from camera 0
2025-09-21 07:26:05,469 - __main__ - ERROR - Failed to read frame from camera 0
2025-09-21 07:26:06,475 - __main__ - ERROR - Failed to read frame from camera 0
2025-09-21 07:26:07,486 - __main__ - ERROR - Failed to read frame from camera 0
2025-09-21 07:26:08,501 - __main__ - ERROR - Failed to read frame from camera 0
2025-09-21 07:26:09,515 - __main__ - ERROR - Failed to read frame from camera 0
2025-09-21 07:26:10,530 - __main__ - ERROR - Failed to read frame from camera 0
2025-09-21 07:26:11,544 - __main__ - ERROR - Failed to read frame from camera 0
2025-09-21 07:26:12,558 - __main__ - ERROR - Failed to read frame from camera 0
2025-09-21 07:26:13,571 - __main__ - ERROR - Failed to read frame from camera 0
2025-09-21 07:26:14,584 - __main__ - ERROR - Failed to read frame from camera 0
2025-09-21 07:26:15,614 - __main__ - ERROR - Failed to read frame from camera 0
2025-09-21 07:26:16,628 - __main__ - ERROR - Failed to read frame from camera 0
2025-09-21 07:26:17,639 - __main__ - ERROR - Failed to read frame from camera 0
2025-09-21 07:26:18,651 - __main__ - ERROR - Failed to read frame from camera 0
2025-09-21 07:26:19,653 - __main__ - ERROR - Failed to read frame from camera 0
2025-09-21 07:26:20,656 - __main__ - ERROR - Failed to read frame from camera 0
2025-09-21 07:26:21,667 - __main__ - ERROR - Failed to read frame from camera 0
2025-09-21 07:26:22,678 - __main__ - ERROR - Failed to read frame from camera 0
2025-09-21 07:26:23,681 - __main__ - ERROR - Failed to read frame from camera 0
2025-09-21 07:26:24,696 - __main__ - ERROR - Failed to read frame from camera 0
2025-09-21 07:26:25,711 - __main__ - ERROR - Failed to read frame from camera 0
2025-09-21 07:26:26,725 - __main__ - ERROR - Failed to read frame from camera 0
2025-09-21 07:26:27,730 - __main__ - ERROR - Failed to read frame from camera 0
2025-09-21 07:26:28,742 - __main__ - ERROR - Failed to read frame from camera 0
2025-09-21 07:26:29,743 - __main__ - ERROR - Failed to read frame from camera 0
2025-09-21 07:26:30,758 - __main__ - ERROR - Failed to read frame from camera 0
2025-09-21 07:26:31,784 - __main__ - ERROR - Failed to read frame from camera 0
2025-09-21 07:26:32,797 - __main__ - ERROR - Failed to read frame from camera 0
2025-09-21 07:26:33,810 - __main__ - ERROR - Failed to read frame from camera 0
2025-09-21 07:26:34,824 - __main__ - ERROR - Failed to read frame from camera 0
2025-09-21 07:26:35,836 - __main__ - ERROR - Failed to read frame from camera 0
2025-09-21 07:26:36,849 - __main__ - ERROR - Failed to read frame from camera 0
2025-09-21 07:26:37,863 - __main__ - ERROR - Failed to read frame from camera 0
2025-09-21 07:26:38,876 - __main__ - ERROR - Failed to read frame from camera 0
2025-09-21 07:26:39,888 - __main__ - ERROR - Failed to read frame from camera 0
2025-09-21 07:26:40,904 - __main__ - ERROR - Failed to read frame from camera 0
2025-09-21 07:26:41,917 - __main__ - ERROR - Failed to read frame from camera 0
2025-09-21 07:26:42,920 - __main__ - ERROR - Failed to read frame from camera 0
2025-09-21 07:26:43,933 - __main__ - ERROR - Failed to read frame from camera 0
2025-09-21 07:26:44,947 - __main__ - ERROR - Failed to read frame from camera 0
2025-09-21 07:26:45,961 - __main__ - ERROR - Failed to read frame from camera 0
2025-09-21 07:26:46,974 - __main__ - ERROR - Failed to read frame from camera 0
2025-09-21 07:26:47,986 - __main__ - ERROR - Failed to read frame from camera 0
2025-09-21 07:26:48,996 - __main__ - ERROR - Failed to read frame from camera 0
2025-09-21 07:26:50,012 - __main__ - ERROR - Failed to read frame from camera 0
2025-09-21 07:26:51,025 - __main__ - ERROR - Failed to read frame from camera 0
2025-09-21 07:26:52,037 - __main__ - ERROR - Failed to read frame from camera 0
2025-09-21 07:26:53,039 - __main__ - ERROR - Failed to read frame from camera 0
2025-09-21 07:26:54,051 - __main__ - ERROR - Failed to read frame from camera 0
2025-09-21 07:26:55,063 - __main__ - ERROR - Failed to read frame from camera 0
2025-09-21 07:26:56,075 - __main__ - ERROR - Failed to read frame from camera 0
2025-09-21 07:26:57,081 - __main__ - ERROR - Failed to read frame from camera 0
2025-09-21 07:26:58,098 - __main__ - ERROR - Failed to read frame from camera 0
2025-09-21 07:26:59,108 - __main__ - ERROR - Failed to read frame from camera 0
2025-09-21 07:27:00,120 - __main__ - ERROR - Failed to read frame from camera 0
2025-09-21 07:27:01,125 - __main__ - ERROR - Failed to read frame from camera 0
2025-09-21 07:27:02,142 - __main__ - ERROR - Failed to read frame from camera 0
2025-09-21 07:27:03,158 - __main__ - ERROR - Failed to read frame from camera 0
2025-09-21 07:27:04,173 - __main__ - ERROR - Failed to read frame from camera 0
2025-09-21 07:27:05,177 - __main__ - ERROR - Failed to read frame from camera 0
2025-09-21 07:27:06,192 - __main__ - ERROR - Failed to read frame from camera 0
2025-09-21 07:27:07,228 - __main__ - ERROR - Failed to read frame from camera 0
2025-09-21 07:27:08,238 - __main__ - ERROR - Failed to read frame from camera 0
2025-09-21 07:27:09,253 - __main__ - ERROR - Failed to read frame from camera 0
2025-09-21 07:27:10,261 - __main__ - ERROR - Failed to read frame from camera 0
2025-09-21 07:27:11,274 - __main__ - ERROR - Failed to read frame from camera 0
2025-09-21 07:27:12,277 - __main__ - ERROR - Failed to read frame from camera 0
2025-09-21 07:27:13,292 - __main__ - ERROR - Failed to read frame from camera 0
2025-09-21 07:27:14,309 - __main__ - ERROR - Failed to read frame from camera 0
2025-09-21 07:27:15,321 - __main__ - ERROR - Failed to read frame from camera 0
2025-09-21 07:27:16,331 - __main__ - ERROR - Failed to read frame from camera 0
2025-09-21 07:27:17,337 - __main__ - ERROR - Failed to read frame from camera 0
2025-09-21 07:27:18,351 - __main__ - ERROR - Failed to read frame from camera 0
2025-09-21 07:27:19,353 - __main__ - ERROR - Failed to read frame from camera 0
2025-09-21 07:27:20,366 - __main__ - ERROR - Failed to read frame from camera 0
2025-09-21 07:27:21,379 - __main__ - ERROR - Failed to read frame from camera 0
2025-09-21 07:27:22,382 - __main__ - ERROR - Failed to read frame from camera 0
2025-09-21 07:27:23,389 - __main__ - ERROR - Failed to read frame from camera 0
2025-09-21 07:27:24,390 - __main__ - ERROR - Failed to read frame from camera 0
2025-09-21 07:27:25,391 - __main__ - ERROR - Failed to read frame from camera 0
2025-09-21 07:27:26,401 - __main__ - ERROR - Failed to read frame from camera 0
2025-09-21 07:27:27,414 - __main__ - ERROR - Failed to read frame from camera 0
2025-09-21 07:27:28,428 - __main__ - ERROR - Failed to read frame from camera 0
2025-09-21 07:27:29,443 - __main__ - ERROR - Failed to read frame from camera 0
2025-09-21 07:27:30,457 - __main__ - ERROR - Failed to read frame from camera 0
2025-09-21 07:27:31,470 - __main__ - ERROR - Failed to read frame from camera 0
2025-09-21 07:27:32,484 - __main__ - ERROR - Failed to read frame from camera 0
2025-09-21 07:27:33,486 - __main__ - ERROR - Failed to read frame from camera 0
2025-09-21 07:27:34,491 - __main__ - ERROR - Failed to read frame from camera 0
2025-09-21 07:27:35,504 - __main__ - ERROR - Failed to read frame from camera 0
2025-09-21 07:27:36,507 - __main__ - ERROR - Failed to read frame from camera 0
2025-09-21 07:27:37,509 - __main__ - ERROR - Failed to read frame from camera 0
2025-09-21 07:27:38,520 - __main__ - ERROR - Failed to read frame from camera 0
2025-09-21 07:27:39,534 - __main__ - ERROR - Failed to read frame from camera 0
2025-09-21 07:27:40,546 - __main__ - ERROR - Failed to read frame from camera 0
2025-09-21 07:27:41,560 - __main__ - ERROR - Failed to read frame from camera 0
2025-09-21 07:27:42,572 - __main__ - ERROR - Failed to read frame from camera 0
2025-09-21 07:27:43,587 - __main__ - ERROR - Failed to read frame from camera 0
2025-09-21 07:27:44,599 - __main__ - ERROR - Failed to read frame from camera 0
2025-09-21 07:27:45,601 - __main__ - ERROR - Failed to read frame from camera 0
2025-09-21 07:27:46,612 - __main__ - ERROR - Failed to read frame from camera 0
2025-09-21 07:27:47,616 - __main__ - ERROR - Failed to read frame from camera 0
2025-09-21 07:27:48,627 - __main__ - ERROR - Failed to read frame from camera 0
2025-09-21 07:27:49,638 - __main__ - ERROR - Failed to read frame from camera 0
2025-09-21 07:27:50,649 - __main__ - ERROR - Failed to read frame from camera 0
2025-09-21 07:27:51,664 - __main__ - ERROR - Failed to read frame from camera 0
2025-09-21 07:27:52,665 - __main__ - ERROR - Failed to read frame from camera 0
2025-09-21 07:27:53,676 - __main__ - ERROR - Failed to read frame from camera 0
2025-09-21 07:27:54,690 - __main__ - ERROR - Failed to read frame from camera 0
2025-09-21 07:27:55,700 - __main__ - ERROR - Failed to read frame from camera 0
2025-09-21 07:27:56,716 - __main__ - ERROR - Failed to read frame from camera 0
2025-09-21 07:27:57,721 - __main__ - ERROR - Failed to read frame from camera 0
2025-09-21 07:27:58,733 - __main__ - ERROR - Failed to read frame from camera 0
2025-09-21 07:27:59,738 - __main__ - ERROR - Failed to read frame from camera 0
2025-09-21 07:28:00,750 - __main__ - ERROR - Failed to read frame from camera 0
2025-09-21 07:28:01,764 - __main__ - ERROR - Failed to read frame from camera 0
2025-09-21 07:28:02,776 - __main__ - ERROR - Failed to read frame from camera 0
2025-09-21 07:28:03,779 - __main__ - ERROR - Failed to read frame from camera 0
2025-09-21 07:28:04,781 - __main__ - ERROR - Failed to read frame from camera 0
2025-09-21 07:28:05,784 - __main__ - ERROR - Failed to read frame from camera 0
2025-09-21 07:28:06,798 - __main__ - ERROR - Failed to read frame from camera 0
2025-09-21 07:28:07,799 - __main__ - ERROR - Failed to read frame from camera 0
2025-09-21 07:28:08,813 - __main__ - ERROR - Failed to read frame from camera 0
2025-09-21 07:28:09,816 - __main__ - ERROR - Failed to read frame from camera 0
2025-09-21 07:28:10,829 - __main__ - ERROR - Failed to read frame from camera 0
2025-09-21 07:28:11,831 - __main__ - ERROR - Failed to read frame from camera 0
2025-09-21 07:28:12,841 - __main__ - ERROR - Failed to read frame from camera 0
2025-09-21 07:28:13,854 - __main__ - ERROR - Failed to read frame from camera 0
2025-09-21 07:28:14,870 - __main__ - ERROR - Failed to read frame from camera 0
2025-09-21 07:28:15,873 - __main__ - ERROR - Failed to read frame from camera 0
2025-09-21 07:28:16,879 - __main__ - ERROR - Failed to read frame from camera 0
2025-09-21 07:28:17,883 - __main__ - ERROR - Failed to read frame from camera 0
2025-09-21 07:28:18,889 - __main__ - ERROR - Failed to read frame from camera 0
2025-09-21 07:28:19,890 - __main__ - ERROR - Failed to read frame from camera 0
2025-09-21 07:28:20,902 - __main__ - ERROR - Failed to read frame from camera 0
2025-09-21 07:28:21,916 - __main__ - ERROR - Failed to read frame from camera 0
2025-09-21 07:28:22,933 - __main__ - ERROR - Failed to read frame from camera 0
2025-09-21 07:28:23,935 - __main__ - ERROR - Failed to read frame from camera 0
2025-09-21 07:28:24,950 - __main__ - ERROR - Failed to read frame from camera 0
2025-09-21 07:28:25,965 - __main__ - ERROR - Failed to read frame from camera 0
2025-09-21 07:28:26,975 - __main__ - ERROR - Failed to read frame from camera 0
2025-09-21 07:28:27,989 - __main__ - ERROR - Failed to read frame from camera 0
2025-09-21 07:28:29,002 - __main__ - ERROR - Failed to read frame from camera 0
2025-09-21 07:28:30,015 - __main__ - ERROR - Failed to read frame from camera 0
2025-09-21 07:28:31,028 - __main__ - ERROR - Failed to read frame from camera 0
2025-09-21 07:28:32,038 - __main__ - ERROR - Failed to read frame from camera 0
2025-09-21 07:28:33,039 - __main__ - ERROR - Failed to read frame from camera 0
2025-09-21 07:28:34,053 - __main__ - ERROR - Failed to read frame from camera 0
2025-09-21 07:28:35,068 - __main__ - ERROR - Failed to read frame from camera 0
2025-09-21 07:28:36,081 - __main__ - ERROR - Failed to read frame from camera 0
2025-09-21 07:28:37,090 - __main__ - ERROR - Failed to read frame from camera 0
2025-09-21 07:28:38,091 - __main__ - ERROR - Failed to read frame from camera 0
2025-09-21 07:28:39,103 - __main__ - ERROR - Failed to read frame from camera 0
2025-09-21 07:28:40,113 - __main__ - ERROR - Failed to read frame from camera 0
2025-09-21 07:28:41,128 - __main__ - ERROR - Failed to read frame from camera 0
2025-09-21 07:28:42,139 - __main__ - ERROR - Failed to read frame from camera 0
2025-09-21 07:28:43,153 - __main__ - ERROR - Failed to read frame from camera 0
2025-09-21 07:28:44,166 - __main__ - ERROR - Failed to read frame from camera 0
2025-09-21 07:28:45,169 - __main__ - ERROR - Failed to read frame from camera 0
2025-09-21 07:28:46,172 - __main__ - ERROR - Failed to read frame from camera 0
2025-09-21 07:28:47,188 - __main__ - ERROR - Failed to read frame from camera 0
2025-09-21 07:28:48,200 - __main__ - ERROR - Failed to read frame from camera 0
2025-09-21 07:28:49,215 - __main__ - ERROR - Failed to read frame from camera 0
2025-09-21 07:28:50,230 - __main__ - ERROR - Failed to read frame from camera 0
2025-09-21 07:28:51,243 - __main__ - ERROR - Failed to read frame from camera 0
2025-09-21 07:28:52,257 - __main__ - ERROR - Failed to read frame from camera 0
2025-09-21 07:28:53,273 - __main__ - ERROR - Failed to read frame from camera 0
2025-09-21 07:28:54,288 - __main__ - ERROR - Failed to read frame from camera 0
2025-09-21 07:28:55,303 - __main__ - ERROR - Failed to read frame from camera 0
2025-09-21 07:28:56,314 - __main__ - ERROR - Failed to read frame from camera 0
2025-09-21 07:28:57,326 - __main__ - ERROR - Failed to read frame from camera 0
2025-09-21 07:28:58,342 - __main__ - ERROR - Failed to read frame from camera 0
2025-09-21 07:28:59,356 - __main__ - ERROR - Failed to read frame from camera 0
2025-09-21 07:29:00,370 - __main__ - ERROR - Failed to read frame from camera 0
2025-09-21 07:29:01,381 - __main__ - ERROR - Failed to read frame from camera 0
2025-09-21 07:29:02,385 - __main__ - ERROR - Failed to read frame from camera 0
2025-09-21 07:29:03,397 - __main__ - ERROR - Failed to read frame from camera 0
2025-09-21 07:29:04,411 - __main__ - ERROR - Failed to read frame from camera 0
2025-09-21 07:29:05,423 - __main__ - ERROR - Failed to read frame from camera 0
2025-09-21 07:29:06,437 - __main__ - ERROR - Failed to read frame from camera 0
2025-09-21 07:29:07,454 - __main__ - ERROR - Failed to read frame from camera 0
2025-09-21 07:29:08,463 - __main__ - ERROR - Failed to read frame from camera 0
2025-09-21 07:29:09,465 - __main__ - ERROR - Failed to read frame from camera 0
2025-09-21 07:29:10,478 - __main__ - ERROR - Failed to read frame from camera 0
2025-09-21 07:29:11,488 - __main__ - ERROR - Failed to read frame from camera 0
2025-09-21 07:29:12,500 - __main__ - ERROR - Failed to read frame from camera 0
2025-09-21 07:29:13,502 - __main__ - ERROR - Failed to read frame from camera 0
2025-09-21 07:29:14,520 - __main__ - ERROR - Failed to read frame from camera 0
2025-09-21 07:29:15,533 - __main__ - ERROR - Failed to read frame from camera 0
2025-09-21 07:29:16,544 - __main__ - ERROR - Failed to read frame from camera 0
2025-09-21 07:29:17,557 - __main__ - ERROR - Failed to read frame from camera 0
2025-09-21 07:29:18,571 - __main__ - ERROR - Failed to read frame from camera 0
2025-09-21 07:29:19,573 - __main__ - ERROR - Failed to read frame from camera 0
2025-09-21 07:29:20,584 - __main__ - ERROR - Failed to read frame from camera 0
2025-09-21 07:29:21,600 - __main__ - ERROR - Failed to read frame from camera 0
2025-09-21 07:29:22,611 - __main__ - ERROR - Failed to read frame from camera 0
2025-09-21 07:29:23,614 - __main__ - ERROR - Failed to read frame from camera 0
2025-09-21 07:29:24,629 - __main__ - ERROR - Failed to read frame from camera 0
2025-09-21 07:29:25,644 - __main__ - ERROR - Failed to read frame from camera 0
2025-09-21 07:29:26,655 - __main__ - ERROR - Failed to read frame from camera 0
2025-09-21 07:29:27,657 - __main__ - ERROR - Failed to read frame from camera 0
2025-09-21 07:29:28,658 - __main__ - ERROR - Failed to read frame from camera 0
2025-09-21 07:29:29,673 - __main__ - ERROR - Failed to read frame from camera 0
2025-09-21 07:29:30,687 - __main__ - ERROR - Failed to read frame from camera 0
2025-09-21 07:29:31,719 - __main__ - ERROR - Failed to read frame from camera 0
2025-09-21 07:29:32,735 - __main__ - ERROR - Failed to read frame from camera 0
2025-09-21 07:29:33,748 - __main__ - ERROR - Failed to read frame from camera 0
2025-09-21 07:29:34,761 - __main__ - ERROR - Failed to read frame from camera 0
2025-09-21 07:29:35,770 - __main__ - ERROR - Failed to read frame from camera 0
2025-09-21 07:29:36,786 - __main__ - ERROR - Failed to read frame from camera 0
2025-09-21 07:29:37,797 - __main__ - ERROR - Failed to read frame from camera 0
2025-09-21 07:29:38,808 - __main__ - ERROR - Failed to read frame from camera 0
2025-09-21 07:29:39,822 - __main__ - ERROR - Failed to read frame from camera 0
2025-09-21 07:29:40,833 - __main__ - ERROR - Failed to read frame from camera 0
2025-09-21 07:29:41,846 - __main__ - ERROR - Failed to read frame from camera 0
2025-09-21 07:29:42,861 - __main__ - ERROR - Failed to read frame from camera 0
2025-09-21 07:29:43,872 - __main__ - ERROR - Failed to read frame from camera 0
2025-09-21 07:29:44,885 - __main__ - ERROR - Failed to read frame from camera 0
2025-09-21 07:29:45,900 - __main__ - ERROR - Failed to read frame from camera 0
2025-09-21 07:29:46,909 - __main__ - ERROR - Failed to read frame from camera 0
2025-09-21 07:29:47,921 - __main__ - ERROR - Failed to read frame from camera 0
2025-09-21 07:29:48,932 - __main__ - ERROR - Failed to read frame from camera 0
2025-09-21 07:29:49,933 - __main__ - ERROR - Failed to read frame from camera 0
2025-09-21 07:29:50,947 - __main__ - ERROR - Failed to read frame from camera 0
2025-09-21 07:29:51,960 - __main__ - ERROR - Failed to read frame from camera 0
2025-09-21 07:29:52,970 - __main__ - ERROR - Failed to read frame from camera 0
2025-09-21 07:29:53,981 - __main__ - ERROR - Failed to read frame from camera 0
2025-09-21 07:29:54,995 - __main__ - ERROR - Failed to read frame from camera 0
2025-09-21 07:29:56,009 - __main__ - ERROR - Failed to read frame from camera 0
2025-09-21 07:29:57,022 - __main__ - ERROR - Failed to read frame from camera 0
2025-09-21 07:29:58,025 - __main__ - ERROR - Failed to read frame from camera 0
2025-09-21 07:29:59,031 - __main__ - ERROR - Failed to read frame from camera 0
2025-09-21 07:30:00,047 - __main__ - ERROR - Failed to read frame from camera 0
2025-09-21 07:30:01,052 - __main__ - ERROR - Failed to read frame from camera 0
2025-09-21 07:30:02,052 - __main__ - ERROR - Failed to read frame from camera 0
2025-09-21 07:30:03,065 - __main__ - ERROR - Failed to read frame from camera 0
2025-09-21 07:30:04,068 - __main__ - ERROR - Failed to read frame from camera 0
2025-09-21 07:30:05,081 - __main__ - ERROR - Failed to read frame from camera 0
2025-09-21 07:30:06,094 - __main__ - ERROR - Failed to read frame from camera 0
2025-09-21 07:30:07,097 - __main__ - ERROR - Failed to read frame from camera 0
2025-09-21 07:30:08,109 - __main__ - ERROR - Failed to read frame from camera 0
2025-09-21 07:30:09,123 - __main__ - ERROR - Failed to read frame from camera 0
2025-09-21 07:30:10,139 - __main__ - ERROR - Failed to read frame from camera 0
2025-09-21 07:30:11,150 - __main__ - ERROR - Failed to read frame from camera 0
2025-09-21 07:30:12,157 - __main__ - ERROR - Failed to read frame from camera 0
2025-09-21 07:30:13,158 - __main__ - ERROR - Failed to read frame from camera 0
2025-09-21 07:30:14,169 - __main__ - ERROR - Failed to read frame from camera 0
2025-09-21 07:30:15,181 - __main__ - ERROR - Failed to read frame from camera 0
2025-09-21 07:30:16,183 - __main__ - ERROR - Failed to read frame from camera 0
2025-09-21 07:30:17,199 - __main__ - ERROR - Failed to read frame from camera 0
2025-09-21 07:30:18,209 - __main__ - ERROR - Failed to read frame from camera 0
2025-09-21 07:30:19,227 - __main__ - ERROR - Failed to read frame from camera 0
2025-09-21 07:30:20,238 - __main__ - ERROR - Failed to read frame from camera 0
2025-09-21 07:30:21,250 - __main__ - ERROR - Failed to read frame from camera 0
2025-09-21 07:30:22,262 - __main__ - ERROR - Failed to read frame from camera 0
2025-09-21 07:30:23,274 - __main__ - ERROR - Failed to read frame from camera 0
2025-09-21 07:30:24,274 - __main__ - ERROR - Failed to read frame from camera 0
2025-09-21 07:30:25,287 - __main__ - ERROR - Failed to read frame from camera 0
2025-09-21 07:30:26,300 - __main__ - ERROR - Failed to read frame from camera 0
2025-09-21 07:30:27,302 - __main__ - ERROR - Failed to read frame from camera 0
2025-09-21 07:30:28,310 - __main__ - ERROR - Failed to read frame from camera 0
2025-09-21 07:30:29,323 - __main__ - ERROR - Failed to read frame from camera 0
2025-09-21 07:30:30,339 - __main__ - ERROR - Failed to read frame from camera 0
2025-09-21 07:30:31,354 - __main__ - ERROR - Failed to read frame from camera 0
2025-09-21 07:30:32,366 - __main__ - ERROR - Failed to read frame from camera 0
2025-09-21 07:30:33,380 - __main__ - ERROR - Failed to read frame from camera 0
2025-09-21 07:30:34,394 - __main__ - ERROR - Failed to read frame from camera 0
2025-09-21 07:30:35,404 - __main__ - ERROR - Failed to read frame from camera 0
2025-09-21 07:30:36,415 - __main__ - ERROR - Failed to read frame from camera 0
2025-09-21 07:30:37,431 - __main__ - ERROR - Failed to read frame from camera 0
2025-09-21 07:30:38,445 - __main__ - ERROR - Failed to read frame from camera 0
2025-09-21 07:30:39,458 - __main__ - ERROR - Failed to read frame from camera 0
2025-09-21 07:30:40,470 - __main__ - ERROR - Failed to read frame from camera 0
2025-09-21 07:30:41,473 - __main__ - ERROR - Failed to read frame from camera 0
2025-09-21 07:30:42,488 - __main__ - ERROR - Failed to read frame from camera 0
2025-09-21 07:30:43,500 - __main__ - ERROR - Failed to read frame from camera 0
2025-09-21 07:30:44,516 - __main__ - ERROR - Failed to read frame from camera 0
2025-09-21 07:30:45,530 - __main__ - ERROR - Failed to read frame from camera 0
2025-09-21 07:30:46,533 - __main__ - ERROR - Failed to read frame from camera 0
2025-09-21 07:30:47,537 - __main__ - ERROR - Failed to read frame from camera 0
2025-09-21 07:30:48,551 - __main__ - ERROR - Failed to read frame from camera 0
2025-09-21 07:30:49,565 - __main__ - ERROR - Failed to read frame from camera 0
2025-09-21 07:30:50,580 - __main__ - ERROR - Failed to read frame from camera 0
2025-09-21 07:30:51,596 - __main__ - ERROR - Failed to read frame from camera 0
2025-09-21 07:30:52,607 - __main__ - ERROR - Failed to read frame from camera 0
2025-09-21 07:30:53,620 - __main__ - ERROR - Failed to read frame from camera 0
2025-09-21 07:30:54,633 - __main__ - ERROR - Failed to read frame from camera 0
2025-09-21 07:30:55,643 - __main__ - ERROR - Failed to read frame from camera 0
2025-09-21 07:30:56,646 - __main__ - ERROR - Failed to read frame from camera 0
2025-09-21 07:30:57,656 - __main__ - ERROR - Failed to read frame from camera 0
2025-09-21 07:30:58,669 - __main__ - ERROR - Failed to read frame from camera 0
2025-09-21 07:30:59,676 - __main__ - ERROR - Failed to read frame from camera 0
2025-09-21 07:31:00,691 - __main__ - ERROR - Failed to read frame from camera 0
2025-09-21 07:31:01,692 - __main__ - ERROR - Failed to read frame from camera 0
2025-09-21 07:31:02,706 - __main__ - ERROR - Failed to read frame from camera 0
2025-09-21 07:31:03,723 - __main__ - ERROR - Failed to read frame from camera 0
2025-09-21 07:31:04,736 - __main__ - ERROR - Failed to read frame from camera 0
2025-09-21 07:31:05,749 - __main__ - ERROR - Failed to read frame from camera 0
2025-09-21 07:31:06,751 - __main__ - ERROR - Failed to read frame from camera 0
2025-09-21 07:31:07,766 - __main__ - ERROR - Failed to read frame from camera 0
2025-09-21 07:31:08,768 - __main__ - ERROR - Failed to read frame from camera 0
2025-09-21 07:31:09,782 - __main__ - ERROR - Failed to read frame from camera 0
2025-09-21 07:31:10,795 - __main__ - ERROR - Failed to read frame from camera 0
2025-09-21 07:31:11,809 - __main__ - ERROR - Failed to read frame from camera 0
2025-09-21 07:31:12,811 - __main__ - ERROR - Failed to read frame from camera 0
2025-09-21 07:31:13,825 - __main__ - ERROR - Failed to read frame from camera 0
2025-09-21 07:31:14,835 - __main__ - ERROR - Failed to read frame from camera 0
2025-09-21 07:31:15,849 - __main__ - ERROR - Failed to read frame from camera 0
2025-09-21 07:31:16,862 - __main__ - ERROR - Failed to read frame from camera 0
2025-09-21 07:31:17,873 - __main__ - ERROR - Failed to read frame from camera 0
2025-09-21 07:31:18,878 - __main__ - ERROR - Failed to read frame from camera 0
2025-09-21 07:31:19,881 - __main__ - ERROR - Failed to read frame from camera 0
2025-09-21 07:31:20,894 - __main__ - ERROR - Failed to read frame from camera 0
2025-09-21 07:31:21,904 - __main__ - ERROR - Failed to read frame from camera 0
2025-09-21 07:31:22,920 - __main__ - ERROR - Failed to read frame from camera 0
2025-09-21 07:31:23,933 - __main__ - ERROR - Failed to read frame from camera 0
2025-09-21 07:31:24,947 - __main__ - ERROR - Failed to read frame from camera 0
2025-09-21 07:31:25,964 - __main__ - ERROR - Failed to read frame from camera 0
2025-09-21 07:31:26,980 - __main__ - ERROR - Failed to read frame from camera 0
2025-09-21 07:31:27,993 - __main__ - ERROR - Failed to read frame from camera 0
2025-09-21 07:31:29,004 - __main__ - ERROR - Failed to read frame from camera 0
2025-09-21 07:31:30,017 - __main__ - ERROR - Failed to read frame from camera 0
2025-09-21 07:31:31,031 - __main__ - ERROR - Failed to read frame from camera 0
2025-09-21 07:31:32,043 - __main__ - ERROR - Failed to read frame from camera 0
2025-09-21 07:31:33,057 - __main__ - ERROR - Failed to read frame from camera 0
2025-09-21 07:31:34,071 - __main__ - ERROR - Failed to read frame from camera 0
2025-09-21 07:31:35,081 - __main__ - ERROR - Failed to read frame from camera 0
2025-09-21 07:31:36,097 - __main__ - ERROR - Failed to read frame from camera 0
2025-09-21 07:31:37,127 - __main__ - ERROR - Failed to read frame from camera 0
2025-09-21 07:31:38,143 - __main__ - ERROR - Failed to read frame from camera 0
2025-09-21 07:31:39,160 - __main__ - ERROR - Failed to read frame from camera 0
2025-09-21 07:31:40,171 - __main__ - ERROR - Failed to read frame from camera 0
2025-09-21 07:31:41,174 - __main__ - ERROR - Failed to read frame from camera 0
2025-09-21 07:31:42,188 - __main__ - ERROR - Failed to read frame from camera 0
2025-09-21 07:31:43,204 - __main__ - ERROR - Failed to read frame from camera 0
2025-09-21 07:31:44,217 - __main__ - ERROR - Failed to read frame from camera 0
2025-09-21 07:31:45,233 - __main__ - ERROR - Failed to read frame from camera 0
2025-09-21 07:31:46,245 - __main__ - ERROR - Failed to read frame from camera 0
2025-09-21 07:31:47,260 - __main__ - ERROR - Failed to read frame from camera 0
2025-09-21 07:31:48,276 - __main__ - ERROR - Failed to read frame from camera 0
2025-09-21 07:31:49,290 - __main__ - ERROR - Failed to read frame from camera 0
2025-09-21 07:31:50,302 - __main__ - ERROR - Failed to read frame from camera 0
2025-09-21 07:31:51,316 - __main__ - ERROR - Failed to read frame from camera 0
2025-09-21 07:31:52,327 - __main__ - ERROR - Failed to read frame from camera 0
2025-09-21 07:31:53,331 - __main__ - ERROR - Failed to read frame from camera 0
2025-09-21 07:31:54,341 - __main__ - ERROR - Failed to read frame from camera 0
2025-09-21 07:31:55,355 - __main__ - ERROR - Failed to read frame from camera 0
2025-09-21 07:31:56,361 - __main__ - ERROR - Failed to read frame from camera 0
2025-09-21 07:31:57,377 - __main__ - ERROR - Failed to read frame from camera 0
2025-09-21 07:31:58,390 - __main__ - ERROR - Failed to read frame from camera 0
2025-09-21 07:31:59,402 - __main__ - ERROR - Failed to read frame from camera 0
2025-09-21 07:32:00,419 - __main__ - ERROR - Failed to read frame from camera 0
2025-09-21 07:32:01,432 - __main__ - ERROR - Failed to read frame from camera 0
2025-09-21 07:32:02,443 - __main__ - ERROR - Failed to read frame from camera 0
2025-09-21 07:32:03,459 - __main__ - ERROR - Failed to read frame from camera 0
2025-09-21 07:32:04,477 - __main__ - ERROR - Failed to read frame from camera 0
2025-09-21 07:32:05,492 - __main__ - ERROR - Failed to read frame from camera 0
2025-09-21 07:32:06,501 - __main__ - ERROR - Failed to read frame from camera 0
2025-09-21 07:32:07,517 - __main__ - ERROR - Failed to read frame from camera 0
2025-09-21 07:32:08,530 - __main__ - ERROR - Failed to read frame from camera 0
2025-09-21 07:32:09,541 - __main__ - ERROR - Failed to read frame from camera 0
2025-09-21 07:32:10,542 - __main__ - ERROR - Failed to read frame from camera 0
2025-09-21 07:32:11,556 - __main__ - ERROR - Failed to read frame from camera 0
2025-09-21 07:32:12,567 - __main__ - ERROR - Failed to read frame from camera 0
2025-09-21 07:32:13,570 - __main__ - ERROR - Failed to read frame from camera 0
2025-09-21 07:32:14,583 - __main__ - ERROR - Failed to read frame from camera 0
2025-09-21 07:32:15,600 - __main__ - ERROR - Failed to read frame from camera 0
2025-09-21 07:32:16,613 - __main__ - ERROR - Failed to read frame from camera 0
2025-09-21 07:32:17,618 - __main__ - ERROR - Failed to read frame from camera 0
2025-09-21 07:32:18,621 - __main__ - ERROR - Failed to read frame from camera 0
2025-09-21 07:32:19,636 - __main__ - ERROR - Failed to read frame from camera 0
2025-09-21 07:32:20,638 - __main__ - ERROR - Failed to read frame from camera 0
2025-09-21 07:32:21,654 - __main__ - ERROR - Failed to read frame from camera 0
2025-09-21 07:32:22,667 - __main__ - ERROR - Failed to read frame from camera 0
2025-09-21 07:32:23,672 - __main__ - ERROR - Failed to read frame from camera 0
2025-09-21 07:32:24,686 - __main__ - ERROR - Failed to read frame from camera 0
2025-09-21 07:32:25,701 - __main__ - ERROR - Failed to read frame from camera 0
2025-09-21 07:32:26,709 - __main__ - ERROR - Failed to read frame from camera 0
2025-09-21 07:32:27,712 - __main__ - ERROR - Failed to read frame from camera 0
2025-09-21 07:32:28,713 - __main__ - ERROR - Failed to read frame from camera 0
2025-09-21 07:32:29,716 - __main__ - ERROR - Failed to read frame from camera 0
2025-09-21 07:32:30,717 - __main__ - ERROR - Failed to read frame from camera 0
2025-09-21 07:32:31,718 - __main__ - ERROR - Failed to read frame from camera 0
2025-09-21 07:32:32,726 - __main__ - ERROR - Failed to read frame from camera 0
2025-09-21 07:32:33,731 - __main__ - ERROR - Failed to read frame from camera 0
2025-09-21 07:32:34,746 - __main__ - ERROR - Failed to read frame from camera 0
2025-09-21 07:32:35,759 - __main__ - ERROR - Failed to read frame from camera 0
2025-09-21 07:32:36,772 - __main__ - ERROR - Failed to read frame from camera 0
2025-09-21 07:32:37,779 - __main__ - ERROR - Failed to read frame from camera 0
2025-09-21 07:32:38,781 - __main__ - ERROR - Failed to read frame from camera 0
2025-09-21 07:32:39,783 - __main__ - ERROR - Failed to read frame from camera 0
2025-09-21 07:32:40,787 - __main__ - ERROR - Failed to read frame from camera 0
2025-09-21 07:32:41,790 - __main__ - ERROR - Failed to read frame from camera 0
2025-09-21 07:32:42,804 - __main__ - ERROR - Failed to read frame from camera 0
2025-09-21 07:32:43,820 - __main__ - ERROR - Failed to read frame from camera 0
2025-09-21 07:32:44,831 - __main__ - ERROR - Failed to read frame from camera 0
2025-09-21 07:32:45,844 - __main__ - ERROR - Failed to read frame from camera 0
2025-09-21 07:32:46,846 - __main__ - ERROR - Failed to read frame from camera 0
2025-09-21 07:32:47,861 - __main__ - ERROR - Failed to read frame from camera 0
2025-09-21 07:32:48,865 - __main__ - ERROR - Failed to read frame from camera 0
2025-09-21 07:32:49,881 - __main__ - ERROR - Failed to read frame from camera 0
2025-09-21 07:32:50,895 - __main__ - ERROR - Failed to read frame from camera 0
2025-09-21 07:32:51,910 - __main__ - ERROR - Failed to read frame from camera 0
2025-09-21 07:32:52,914 - __main__ - ERROR - Failed to read frame from camera 0
2025-09-21 07:32:53,917 - __main__ - ERROR - Failed to read frame from camera 0
2025-09-21 07:32:54,932 - __main__ - ERROR - Failed to read frame from camera 0
2025-09-21 07:32:55,938 - __main__ - ERROR - Failed to read frame from camera 0
2025-09-21 07:32:56,940 - __main__ - ERROR - Failed to read frame from camera 0
2025-09-21 07:32:57,946 - __main__ - ERROR - Failed to read frame from camera 0
2025-09-21 07:32:58,962 - __main__ - ERROR - Failed to read frame from camera 0
2025-09-21 07:32:59,972 - __main__ - ERROR - Failed to read frame from camera 0
2025-09-21 07:33:00,973 - __main__ - ERROR - Failed to read frame from camera 0
2025-09-21 07:33:01,987 - __main__ - ERROR - Failed to read frame from camera 0
2025-09-21 07:33:03,008 - __main__ - ERROR - Failed to read frame from camera 0
2025-09-21 07:33:04,020 - __main__ - ERROR - Failed to read frame from camera 0
2025-09-21 07:33:05,032 - __main__ - ERROR - Failed to read frame from camera 0
2025-09-21 07:33:06,043 - __main__ - ERROR - Failed to read frame from camera 0
2025-09-21 07:33:07,053 - __main__ - ERROR - Failed to read frame from camera 0
2025-09-21 07:33:08,068 - __main__ - ERROR - Failed to read frame from camera 0
2025-09-21 07:33:09,080 - __main__ - ERROR - Failed to read frame from camera 0
2025-09-21 07:33:10,089 - __main__ - ERROR - Failed to read frame from camera 0
2025-09-21 07:33:11,103 - __main__ - ERROR - Failed to read frame from camera 0
2025-09-21 07:33:12,105 - __main__ - ERROR - Failed to read frame from camera 0
2025-09-21 07:33:13,120 - __main__ - ERROR - Failed to read frame from camera 0
2025-09-21 07:33:14,136 - __main__ - ERROR - Failed to read frame from camera 0
2025-09-21 07:33:15,144 - __main__ - ERROR - Failed to read frame from camera 0
2025-09-21 07:33:16,150 - __main__ - ERROR - Failed to read frame from camera 0
2025-09-21 07:33:17,165 - __main__ - ERROR - Failed to read frame from camera 0
2025-09-21 07:33:18,179 - __main__ - ERROR - Failed to read frame from camera 0
2025-09-21 07:33:19,182 - __main__ - ERROR - Failed to read frame from camera 0
2025-09-21 07:33:20,183 - __main__ - ERROR - Failed to read frame from camera 0
2025-09-21 07:33:21,193 - __main__ - ERROR - Failed to read frame from camera 0
2025-09-21 07:33:22,202 - __main__ - ERROR - Failed to read frame from camera 0
2025-09-21 07:33:23,215 - __main__ - ERROR - Failed to read frame from camera 0
2025-09-21 07:33:24,228 - __main__ - ERROR - Failed to read frame from camera 0
2025-09-21 07:33:25,244 - __main__ - ERROR - Failed to read frame from camera 0
2025-09-21 07:33:26,257 - __main__ - ERROR - Failed to read frame from camera 0
2025-09-21 07:33:27,260 - __main__ - ERROR - Failed to read frame from camera 0
2025-09-21 07:33:28,275 - __main__ - ERROR - Failed to read frame from camera 0
2025-09-21 07:33:29,285 - __main__ - ERROR - Failed to read frame from camera 0
2025-09-21 07:33:30,296 - __main__ - ERROR - Failed to read frame from camera 0
2025-09-21 07:33:31,309 - __main__ - ERROR - Failed to read frame from camera 0
2025-09-21 07:33:32,321 - __main__ - ERROR - Failed to read frame from camera 0
2025-09-21 07:33:33,333 - __main__ - ERROR - Failed to read frame from camera 0
2025-09-21 07:33:34,345 - __main__ - ERROR - Failed to read frame from camera 0
2025-09-21 07:33:35,356 - __main__ - ERROR - Failed to read frame from camera 0
2025-09-21 07:33:36,366 - __main__ - ERROR - Failed to read frame from camera 0
2025-09-21 07:33:37,378 - __main__ - ERROR - Failed to read frame from camera 0
2025-09-21 07:33:38,393 - __main__ - ERROR - Failed to read frame from camera 0
2025-09-21 07:33:39,401 - __main__ - ERROR - Failed to read frame from camera 0
2025-09-21 07:33:40,417 - __main__ - ERROR - Failed to read frame from camera 0
2025-09-21 07:33:41,427 - __main__ - ERROR - Failed to read frame from camera 0
2025-09-21 07:33:42,438 - __main__ - ERROR - Failed to read frame from camera 0
2025-09-21 07:33:43,449 - __main__ - ERROR - Failed to read frame from camera 0
2025-09-21 07:33:44,466 - __main__ - ERROR - Failed to read frame from camera 0
2025-09-21 07:33:45,478 - __main__ - ERROR - Failed to read frame from camera 0
2025-09-21 07:33:46,489 - __main__ - ERROR - Failed to read frame from camera 0
2025-09-21 07:33:47,499 - __main__ - ERROR - Failed to read frame from camera 0
2025-09-21 07:33:48,501 - __main__ - ERROR - Failed to read frame from camera 0
2025-09-21 07:33:49,515 - __main__ - ERROR - Failed to read frame from camera 0
2025-09-21 07:33:50,526 - __main__ - ERROR - Failed to read frame from camera 0
2025-09-21 07:33:51,529 - __main__ - ERROR - Failed to read frame from camera 0
2025-09-21 07:33:52,538 - __main__ - ERROR - Failed to read frame from camera 0
2025-09-21 07:33:53,541 - __main__ - ERROR - Failed to read frame from camera 0
2025-09-21 07:33:54,542 - __main__ - ERROR - Failed to read frame from camera 0
2025-09-21 07:33:55,551 - __main__ - ERROR - Failed to read frame from camera 0
2025-09-21 07:33:56,562 - __main__ - ERROR - Failed to read frame from camera 0
2025-09-21 07:33:57,592 - __main__ - ERROR - Failed to read frame from camera 0
2025-09-21 07:33:58,607 - __main__ - ERROR - Failed to read frame from camera 0
2025-09-21 07:33:59,621 - __main__ - ERROR - Failed to read frame from camera 0
2025-09-21 07:34:00,634 - __main__ - ERROR - Failed to read frame from camera 0
2025-09-21 07:34:01,650 - __main__ - ERROR - Failed to read frame from camera 0
2025-09-21 07:34:02,664 - __main__ - ERROR - Failed to read frame from camera 0
2025-09-21 07:34:03,678 - __main__ - ERROR - Failed to read frame from camera 0
2025-09-21 07:34:04,690 - __main__ - ERROR - Failed to read frame from camera 0
2025-09-21 07:34:05,691 - __main__ - ERROR - Failed to read frame from camera 0
2025-09-21 07:34:06,701 - __main__ - ERROR - Failed to read frame from camera 0
2025-09-21 07:34:07,712 - __main__ - ERROR - Failed to read frame from camera 0
2025-09-21 07:34:08,714 - __main__ - ERROR - Failed to read frame from camera 0
2025-09-21 07:34:09,723 - __main__ - ERROR - Failed to read frame from camera 0
2025-09-21 07:34:10,727 - __main__ - ERROR - Failed to read frame from camera 0
2025-09-21 07:34:11,738 - __main__ - ERROR - Failed to read frame from camera 0
2025-09-21 07:34:12,751 - __main__ - ERROR - Failed to read frame from camera 0
2025-09-21 07:34:13,766 - __main__ - ERROR - Failed to read frame from camera 0
2025-09-21 07:34:14,774 - __main__ - ERROR - Failed to read frame from camera 0
2025-09-21 07:34:15,781 - __main__ - ERROR - Failed to read frame from camera 0
2025-09-21 07:34:16,795 - __main__ - ERROR - Failed to read frame from camera 0
2025-09-21 07:34:17,808 - __main__ - ERROR - Failed to read frame from camera 0
2025-09-21 07:34:18,822 - __main__ - ERROR - Failed to read frame from camera 0
2025-09-21 07:34:19,826 - __main__ - ERROR - Failed to read frame from camera 0
2025-09-21 07:34:20,837 - __main__ - ERROR - Failed to read frame from camera 0
2025-09-21 07:34:21,838 - __main__ - ERROR - Failed to read frame from camera 0
2025-09-21 07:34:22,850 - __main__ - ERROR - Failed to read frame from camera 0
2025-09-21 07:34:23,859 - __main__ - ERROR - Failed to read frame from camera 0
2025-09-21 07:34:24,872 - __main__ - ERROR - Failed to read frame from camera 0
2025-09-21 07:34:25,886 - __main__ - ERROR - Failed to read frame from camera 0
2025-09-21 07:34:26,899 - __main__ - ERROR - Failed to read frame from camera 0
2025-09-21 07:34:27,911 - __main__ - ERROR - Failed to read frame from camera 0
2025-09-21 07:34:28,923 - __main__ - ERROR - Failed to read frame from camera 0
2025-09-21 07:34:29,940 - __main__ - ERROR - Failed to read frame from camera 0
2025-09-21 07:34:30,951 - __main__ - ERROR - Failed to read frame from camera 0
2025-09-21 07:34:31,963 - __main__ - ERROR - Failed to read frame from camera 0
2025-09-21 07:34:32,979 - __main__ - ERROR - Failed to read frame from camera 0
2025-09-21 07:34:33,991 - __main__ - ERROR - Failed to read frame from camera 0
2025-09-21 07:34:35,023 - __main__ - ERROR - Failed to read frame from camera 0
2025-09-21 07:34:36,025 - __main__ - ERROR - Failed to read frame from camera 0
2025-09-21 07:34:37,030 - __main__ - ERROR - Failed to read frame from camera 0
2025-09-21 07:34:38,040 - __main__ - ERROR - Failed to read frame from camera 0
2025-09-21 07:34:39,046 - __main__ - ERROR - Failed to read frame from camera 0
2025-09-21 07:34:40,047 - __main__ - ERROR - Failed to read frame from camera 0
2025-09-21 07:34:41,061 - __main__ - ERROR - Failed to read frame from camera 0
2025-09-21 07:34:42,073 - __main__ - ERROR - Failed to read frame from camera 0
2025-09-21 07:34:43,078 - __main__ - ERROR - Failed to read frame from camera 0
2025-09-21 07:34:44,088 - __main__ - ERROR - Failed to read frame from camera 0
2025-09-21 07:34:45,102 - __main__ - ERROR - Failed to read frame from camera 0
2025-09-21 07:34:46,115 - __main__ - ERROR - Failed to read frame from camera 0
2025-09-21 07:34:47,127 - __main__ - ERROR - Failed to read frame from camera 0
2025-09-21 07:34:48,143 - __main__ - ERROR - Failed to read frame from camera 0
2025-09-21 07:34:49,147 - __main__ - ERROR - Failed to read frame from camera 0
2025-09-21 07:34:50,159 - __main__ - ERROR - Failed to read frame from camera 0
2025-09-21 07:34:51,175 - __main__ - ERROR - Failed to read frame from camera 0
2025-09-21 07:34:52,191 - __main__ - ERROR - Failed to read frame from camera 0
2025-09-21 07:34:53,207 - __main__ - ERROR - Failed to read frame from camera 0
2025-09-21 07:34:54,221 - __main__ - ERROR - Failed to read frame from camera 0
2025-09-21 07:34:55,222 - __main__ - ERROR - Failed to read frame from camera 0
2025-09-21 07:34:56,238 - __main__ - ERROR - Failed to read frame from camera 0
2025-09-21 07:34:57,254 - __main__ - ERROR - Failed to read frame from camera 0
2025-09-21 07:34:58,262 - __main__ - ERROR - Failed to read frame from camera 0
2025-09-21 07:34:59,276 - __main__ - ERROR - Failed to read frame from camera 0
2025-09-21 07:35:00,290 - __main__ - ERROR - Failed to read frame from camera 0
2025-09-21 07:35:01,307 - __main__ - ERROR - Failed to read frame from camera 0
2025-09-21 07:35:02,320 - __main__ - ERROR - Failed to read frame from camera 0
2025-09-21 07:35:03,336 - __main__ - ERROR - Failed to read frame from camera 0
2025-09-21 07:35:04,339 - __main__ - ERROR - Failed to read frame from camera 0
2025-09-21 07:35:05,341 - __main__ - ERROR - Failed to read frame from camera 0
2025-09-21 07:35:06,353 - __main__ - ERROR - Failed to read frame from camera 0
2025-09-21 07:35:07,361 - __main__ - ERROR - Failed to read frame from camera 0
2025-09-21 07:35:08,376 - __main__ - ERROR - Failed to read frame from camera 0
2025-09-21 07:35:09,390 - __main__ - ERROR - Failed to read frame from camera 0
2025-09-21 07:35:10,394 - __main__ - ERROR - Failed to read frame from camera 0
2025-09-21 07:35:11,402 - __main__ - ERROR - Failed to read frame from camera 0
2025-09-21 07:35:12,418 - __main__ - ERROR - Failed to read frame from camera 0
2025-09-21 07:35:13,419 - __main__ - ERROR - Failed to read frame from camera 0
2025-09-21 07:35:14,435 - __main__ - ERROR - Failed to read frame from camera 0
2025-09-21 07:35:15,447 - __main__ - ERROR - Failed to read frame from camera 0
2025-09-21 07:35:16,458 - __main__ - ERROR - Failed to read frame from camera 0
2025-09-21 07:35:17,462 - __main__ - ERROR - Failed to read frame from camera 0
2025-09-21 07:35:18,474 - __main__ - ERROR - Failed to read frame from camera 0
2025-09-21 07:35:19,491 - __main__ - ERROR - Failed to read frame from camera 0
2025-09-21 07:35:20,495 - __main__ - ERROR - Failed to read frame from camera 0
2025-09-21 07:35:21,506 - __main__ - ERROR - Failed to read frame from camera 0
2025-09-21 07:35:22,512 - __main__ - ERROR - Failed to read frame from camera 0
2025-09-21 07:35:23,527 - __main__ - ERROR - Failed to read frame from camera 0
2025-09-21 07:35:24,541 - __main__ - ERROR - Failed to read frame from camera 0
2025-09-21 07:35:25,557 - __main__ - ERROR - Failed to read frame from camera 0
2025-09-21 07:35:26,568 - __main__ - ERROR - Failed to read frame from camera 0
2025-09-21 07:35:27,583 - __main__ - ERROR - Failed to read frame from camera 0
2025-09-21 07:35:28,598 - __main__ - ERROR - Failed to read frame from camera 0
2025-09-21 07:35:29,611 - __main__ - ERROR - Failed to read frame from camera 0
2025-09-21 07:35:30,625 - __main__ - ERROR - Failed to read frame from camera 0
2025-09-21 07:35:31,638 - __main__ - ERROR - Failed to read frame from camera 0
2025-09-21 07:35:32,645 - __main__ - ERROR - Failed to read frame from camera 0
2025-09-21 07:35:33,661 - __main__ - ERROR - Failed to read frame from camera 0
2025-09-21 07:35:34,676 - __main__ - ERROR - Failed to read frame from camera 0
2025-09-21 07:35:35,691 - __main__ - ERROR - Failed to read frame from camera 0
2025-09-21 07:35:36,703 - __main__ - ERROR - Failed to read frame from camera 0
2025-09-21 07:35:37,715 - __main__ - ERROR - Failed to read frame from camera 0
2025-09-21 07:35:38,727 - __main__ - ERROR - Failed to read frame from camera 0
2025-09-21 07:35:39,741 - __main__ - ERROR - Failed to read frame from camera 0
2025-09-21 07:35:40,754 - __main__ - ERROR - Failed to read frame from camera 0
2025-09-21 07:35:41,760 - __main__ - ERROR - Failed to read frame from camera 0
2025-09-21 07:35:42,761 - __main__ - ERROR - Failed to read frame from camera 0
2025-09-21 07:35:43,772 - __main__ - ERROR - Failed to read frame from camera 0
2025-09-21 07:35:44,781 - __main__ - ERROR - Failed to read frame from camera 0
2025-09-21 07:35:45,783 - __main__ - ERROR - Failed to read frame from camera 0
2025-09-21 07:35:46,799 - __main__ - ERROR - Failed to read frame from camera 0
2025-09-21 07:35:47,813 - __main__ - ERROR - Failed to read frame from camera 0
2025-09-21 07:35:48,829 - __main__ - ERROR - Failed to read frame from camera 0
2025-09-21 07:35:49,845 - __main__ - ERROR - Failed to read frame from camera 0
2025-09-21 07:35:50,858 - __main__ - ERROR - Failed to read frame from camera 0
2025-09-21 07:35:51,863 - __main__ - ERROR - Failed to read frame from camera 0
2025-09-21 07:35:52,874 - __main__ - ERROR - Failed to read frame from camera 0
2025-09-21 07:35:53,889 - __main__ - ERROR - Failed to read frame from camera 0
2025-09-21 07:35:54,902 - __main__ - ERROR - Failed to read frame from camera 0
2025-09-21 07:35:55,915 - __main__ - ERROR - Failed to read frame from camera 0
2025-09-21 07:35:56,931 - __main__ - ERROR - Failed to read frame from camera 0
2025-09-21 07:35:57,947 - __main__ - ERROR - Failed to read frame from camera 0
2025-09-21 07:35:58,963 - __main__ - ERROR - Failed to read frame from camera 0
2025-09-21 07:35:59,977 - __main__ - ERROR - Failed to read frame from camera 0
2025-09-21 07:36:00,989 - __main__ - ERROR - Failed to read frame from camera 0
2025-09-21 07:36:02,003 - __main__ - ERROR - Failed to read frame from camera 0
2025-09-21 07:36:03,005 - __main__ - ERROR - Failed to read frame from camera 0
2025-09-21 07:36:04,009 - __main__ - ERROR - Failed to read frame from camera 0
2025-09-21 07:36:05,017 - __main__ - ERROR - Failed to read frame from camera 0
2025-09-21 07:36:06,032 - __main__ - ERROR - Failed to read frame from camera 0
2025-09-21 07:36:07,037 - __main__ - ERROR - Failed to read frame from camera 0
2025-09-21 07:36:08,040 - __main__ - ERROR - Failed to read frame from camera 0
2025-09-21 07:36:09,070 - __main__ - ERROR - Failed to read frame from camera 0
2025-09-21 07:36:10,079 - __main__ - ERROR - Failed to read frame from camera 0
2025-09-21 07:36:11,083 - __main__ - ERROR - Failed to read frame from camera 0
2025-09-21 07:36:12,085 - __main__ - ERROR - Failed to read frame from camera 0
2025-09-21 07:36:13,100 - __main__ - ERROR - Failed to read frame from camera 0
2025-09-21 07:36:14,103 - __main__ - ERROR - Failed to read frame from camera 0
2025-09-21 07:36:15,115 - __main__ - ERROR - Failed to read frame from camera 0
2025-09-21 07:36:16,119 - __main__ - ERROR - Failed to read frame from camera 0
2025-09-21 07:36:17,120 - __main__ - ERROR - Failed to read frame from camera 0
2025-09-21 07:36:18,134 - __main__ - ERROR - Failed to read frame from camera 0
2025-09-21 07:36:19,150 - __main__ - ERROR - Failed to read frame from camera 0
2025-09-21 07:36:20,156 - __main__ - ERROR - Failed to read frame from camera 0
2025-09-21 07:36:21,172 - __main__ - ERROR - Failed to read frame from camera 0
2025-09-21 07:36:22,183 - __main__ - ERROR - Failed to read frame from camera 0
2025-09-21 07:36:23,185 - __main__ - ERROR - Failed to read frame from camera 0
2025-09-21 07:36:24,200 - __main__ - ERROR - Failed to read frame from camera 0
2025-09-21 07:36:25,210 - __main__ - ERROR - Failed to read frame from camera 0
2025-09-21 07:36:26,222 - __main__ - ERROR - Failed to read frame from camera 0
2025-09-21 07:36:27,224 - __main__ - ERROR - Failed to read frame from camera 0
2025-09-21 07:36:28,226 - __main__ - ERROR - Failed to read frame from camera 0
2025-09-21 07:36:29,242 - __main__ - ERROR - Failed to read frame from camera 0
2025-09-21 07:36:30,252 - __main__ - ERROR - Failed to read frame from camera 0
2025-09-21 07:36:31,267 - __main__ - ERROR - Failed to read frame from camera 0
2025-09-21 07:36:32,282 - __main__ - ERROR - Failed to read frame from camera 0
2025-09-21 07:36:33,297 - __main__ - ERROR - Failed to read frame from camera 0
2025-09-21 07:36:34,313 - __main__ - ERROR - Failed to read frame from camera 0
2025-09-21 07:36:35,317 - __main__ - ERROR - Failed to read frame from camera 0
2025-09-21 07:36:36,330 - __main__ - ERROR - Failed to read frame from camera 0
2025-09-21 07:36:37,342 - __main__ - ERROR - Failed to read frame from camera 0
2025-09-21 07:36:38,356 - __main__ - ERROR - Failed to read frame from camera 0
2025-09-21 07:36:39,368 - __main__ - ERROR - Failed to read frame from camera 0
2025-09-21 07:36:40,384 - __main__ - ERROR - Failed to read frame from camera 0
2025-09-21 07:36:41,395 - __main__ - ERROR - Failed to read frame from camera 0
2025-09-21 07:36:42,407 - __main__ - ERROR - Failed to read frame from camera 0
2025-09-21 07:36:43,422 - __main__ - ERROR - Failed to read frame from camera 0
2025-09-21 07:36:44,431 - __main__ - ERROR - Failed to read frame from camera 0
2025-09-21 07:36:45,443 - __main__ - ERROR - Failed to read frame from camera 0
2025-09-21 07:36:46,456 - __main__ - ERROR - Failed to read frame from camera 0
2025-09-21 07:36:47,457 - __main__ - ERROR - Failed to read frame from camera 0
2025-09-21 07:36:48,472 - __main__ - ERROR - Failed to read frame from camera 0
2025-09-21 07:36:49,482 - __main__ - ERROR - Failed to read frame from camera 0
2025-09-21 07:36:50,493 - __main__ - ERROR - Failed to read frame from camera 0
2025-09-21 07:36:51,505 - __main__ - ERROR - Failed to read frame from camera 0
2025-09-21 07:36:52,516 - __main__ - ERROR - Failed to read frame from camera 0
2025-09-21 07:36:53,528 - __main__ - ERROR - Failed to read frame from camera 0
2025-09-21 07:36:54,540 - __main__ - ERROR - Failed to read frame from camera 0
2025-09-21 07:36:55,551 - __main__ - ERROR - Failed to read frame from camera 0
2025-09-21 07:36:56,566 - __main__ - ERROR - Failed to read frame from camera 0
2025-09-21 07:36:57,578 - __main__ - ERROR - Failed to read frame from camera 0
2025-09-21 07:36:58,590 - __main__ - ERROR - Failed to read frame from camera 0
2025-09-21 07:36:59,602 - __main__ - ERROR - Failed to read frame from camera 0
2025-09-21 07:37:00,604 - __main__ - ERROR - Failed to read frame from camera 0
2025-09-21 07:37:01,608 - __main__ - ERROR - Failed to read frame from camera 0
2025-09-21 07:37:02,623 - __main__ - ERROR - Failed to read frame from camera 0
2025-09-21 07:37:03,635 - __main__ - ERROR - Failed to read frame from camera 0
2025-09-21 07:37:04,645 - __main__ - ERROR - Failed to read frame from camera 0
2025-09-21 07:37:05,660 - __main__ - ERROR - Failed to read frame from camera 0
2025-09-21 07:37:06,673 - __main__ - ERROR - Failed to read frame from camera 0
2025-09-21 07:37:07,693 - __main__ - ERROR - Failed to read frame from camera 0
2025-09-21 07:37:08,696 - __main__ - ERROR - Failed to read frame from camera 0
2025-09-21 07:37:09,712 - __main__ - ERROR - Failed to read frame from camera 0
2025-09-21 07:37:10,713 - __main__ - ERROR - Failed to read frame from camera 0
2025-09-21 07:37:11,714 - __main__ - ERROR - Failed to read frame from camera 0
2025-09-21 07:37:12,728 - __main__ - ERROR - Failed to read frame from camera 0
2025-09-21 07:37:13,742 - __main__ - ERROR - Failed to read frame from camera 0
2025-09-21 07:37:14,756 - __main__ - ERROR - Failed to read frame from camera 0
2025-09-21 07:37:15,771 - __main__ - ERROR - Failed to read frame from camera 0
2025-09-21 07:37:16,784 - __main__ - ERROR - Failed to read frame from camera 0
2025-09-21 07:37:17,796 - __main__ - ERROR - Failed to read frame from camera 0
2025-09-21 07:37:18,799 - __main__ - ERROR - Failed to read frame from camera 0
2025-09-21 07:37:19,800 - __main__ - ERROR - Failed to read frame from camera 0
2025-09-21 07:37:20,802 - __main__ - ERROR - Failed to read frame from camera 0
2025-09-21 07:37:21,809 - __main__ - ERROR - Failed to read frame from camera 0
2025-09-21 07:37:22,822 - __main__ - ERROR - Failed to read frame from camera 0
2025-09-21 07:37:23,831 - __main__ - ERROR - Failed to read frame from camera 0
2025-09-21 07:37:24,859 - __main__ - ERROR - Failed to read frame from camera 0
2025-09-21 07:37:25,873 - __main__ - ERROR - Failed to read frame from camera 0
2025-09-21 07:37:26,881 - __main__ - ERROR - Failed to read frame from camera 0
2025-09-21 07:37:27,898 - __main__ - ERROR - Failed to read frame from camera 0
2025-09-21 07:37:28,900 - __main__ - ERROR - Failed to read frame from camera 0
2025-09-21 07:37:29,910 - __main__ - ERROR - Failed to read frame from camera 0
2025-09-21 07:37:30,923 - __main__ - ERROR - Failed to read frame from camera 0
2025-09-21 07:37:31,938 - __main__ - ERROR - Failed to read frame from camera 0
2025-09-21 07:37:32,952 - __main__ - ERROR - Failed to read frame from camera 0
2025-09-21 07:37:33,955 - __main__ - ERROR - Failed to read frame from camera 0
2025-09-21 07:37:34,968 - __main__ - ERROR - Failed to read frame from camera 0
2025-09-21 07:37:35,972 - __main__ - ERROR - Failed to read frame from camera 0
2025-09-21 07:37:36,983 - __main__ - ERROR - Failed to read frame from camera 0
2025-09-21 07:37:37,998 - __main__ - ERROR - Failed to read frame from camera 0
2025-09-21 07:37:39,002 - __main__ - ERROR - Failed to read frame from camera 0
2025-09-21 07:37:40,008 - __main__ - ERROR - Failed to read frame from camera 0
2025-09-21 07:37:41,015 - __main__ - ERROR - Failed to read frame from camera 0
2025-09-21 07:37:42,018 - __main__ - ERROR - Failed to read frame from camera 0
2025-09-21 07:37:43,032 - __main__ - ERROR - Failed to read frame from camera 0
2025-09-21 07:37:44,043 - __main__ - ERROR - Failed to read frame from camera 0
2025-09-21 07:37:45,053 - __main__ - ERROR - Failed to read frame from camera 0
2025-09-21 07:37:46,055 - __main__ - ERROR - Failed to read frame from camera 0
2025-09-21 07:37:47,072 - __main__ - ERROR - Failed to read frame from camera 0
2025-09-21 07:37:48,080 - __main__ - ERROR - Failed to read frame from camera 0
2025-09-21 07:37:49,093 - __main__ - ERROR - Failed to read frame from camera 0
2025-09-21 07:37:50,102 - __main__ - ERROR - Failed to read frame from camera 0
2025-09-21 07:37:51,104 - __main__ - ERROR - Failed to read frame from camera 0
2025-09-21 07:37:52,117 - __main__ - ERROR - Failed to read frame from camera 0
2025-09-21 07:37:53,133 - __main__ - ERROR - Failed to read frame from camera 0
2025-09-21 07:37:54,149 - __main__ - ERROR - Failed to read frame from camera 0
2025-09-21 07:37:55,158 - __main__ - ERROR - Failed to read frame from camera 0
2025-09-21 07:37:56,172 - __main__ - ERROR - Failed to read frame from camera 0
2025-09-21 07:37:57,189 - __main__ - ERROR - Failed to read frame from camera 0
2025-09-21 07:37:58,197 - __main__ - ERROR - Failed to read frame from camera 0
2025-09-21 07:37:59,198 - __main__ - ERROR - Failed to read frame from camera 0
2025-09-21 07:38:00,207 - __main__ - ERROR - Failed to read frame from camera 0
2025-09-21 07:38:01,218 - __main__ - ERROR - Failed to read frame from camera 0
2025-09-21 07:38:02,226 - __main__ - ERROR - Failed to read frame from camera 0
2025-09-21 07:38:03,238 - __main__ - ERROR - Failed to read frame from camera 0
2025-09-21 07:38:04,251 - __main__ - ERROR - Failed to read frame from camera 0
2025-09-21 07:38:05,254 - __main__ - ERROR - Failed to read frame from camera 0
2025-09-21 07:38:06,265 - __main__ - ERROR - Failed to read frame from camera 0
2025-09-21 07:38:07,280 - __main__ - ERROR - Failed to read frame from camera 0
2025-09-21 07:38:08,296 - __main__ - ERROR - Failed to read frame from camera 0
2025-09-21 07:38:09,311 - __main__ - ERROR - Failed to read frame from camera 0
2025-09-21 07:38:10,323 - __main__ - ERROR - Failed to read frame from camera 0
2025-09-21 07:38:11,336 - __main__ - ERROR - Failed to read frame from camera 0
2025-09-21 07:38:12,350 - __main__ - ERROR - Failed to read frame from camera 0
2025-09-21 07:38:13,363 - __main__ - ERROR - Failed to read frame from camera 0
2025-09-21 07:38:14,373 - __main__ - ERROR - Failed to read frame from camera 0
2025-09-21 07:38:15,384 - __main__ - ERROR - Failed to read frame from camera 0
2025-09-21 07:38:16,399 - __main__ - ERROR - Failed to read frame from camera 0
2025-09-21 07:38:17,410 - __main__ - ERROR - Failed to read frame from camera 0
2025-09-21 07:38:18,424 - __main__ - ERROR - Failed to read frame from camera 0
2025-09-21 07:38:19,440 - __main__ - ERROR - Failed to read frame from camera 0
2025-09-21 07:38:20,455 - __main__ - ERROR - Failed to read frame from camera 0
2025-09-21 07:38:21,467 - __main__ - ERROR - Failed to read frame from camera 0
2025-09-21 07:38:22,469 - __main__ - ERROR - Failed to read frame from camera 0
2025-09-21 07:38:23,472 - __main__ - ERROR - Failed to read frame from camera 0
2025-09-21 07:38:24,482 - __main__ - ERROR - Failed to read frame from camera 0
2025-09-21 07:38:25,497 - __main__ - ERROR - Failed to read frame from camera 0
2025-09-21 07:38:26,509 - __main__ - ERROR - Failed to read frame from camera 0
2025-09-21 07:38:27,523 - __main__ - ERROR - Failed to read frame from camera 0
2025-09-21 07:38:28,532 - __main__ - ERROR - Failed to read frame from camera 0
2025-09-21 07:38:29,544 - __main__ - ERROR - Failed to read frame from camera 0
2025-09-21 07:38:30,556 - __main__ - ERROR - Failed to read frame from camera 0
2025-09-21 07:38:31,558 - __main__ - ERROR - Failed to read frame from camera 0
2025-09-21 07:38:32,566 - __main__ - ERROR - Failed to read frame from camera 0
2025-09-21 07:38:33,575 - __main__ - ERROR - Failed to read frame from camera 0
2025-09-21 07:38:34,583 - __main__ - ERROR - Failed to read frame from camera 0
2025-09-21 07:38:35,598 - __main__ - ERROR - Failed to read frame from camera 0
2025-09-21 07:38:36,603 - __main__ - ERROR - Failed to read frame from camera 0
2025-09-21 07:38:37,614 - __main__ - ERROR - Failed to read frame from camera 0
2025-09-21 07:38:38,624 - __main__ - ERROR - Failed to read frame from camera 0
2025-09-21 07:38:39,640 - __main__ - ERROR - Failed to read frame from camera 0
2025-09-21 07:38:40,655 - __main__ - ERROR - Failed to read frame from camera 0
2025-09-21 07:38:41,666 - __main__ - ERROR - Failed to read frame from camera 0
2025-09-21 07:38:42,670 - __main__ - ERROR - Failed to read frame from camera 0
2025-09-21 07:38:43,681 - __main__ - ERROR - Failed to read frame from camera 0
2025-09-21 07:38:44,696 - __main__ - ERROR - Failed to read frame from camera 0
2025-09-21 07:38:45,702 - __main__ - ERROR - Failed to read frame from camera 0
2025-09-21 07:38:46,716 - __main__ - ERROR - Failed to read frame from camera 0
2025-09-21 07:38:47,729 - __main__ - ERROR - Failed to read frame from camera 0
2025-09-21 07:38:48,741 - __main__ - ERROR - Failed to read frame from camera 0
2025-09-21 07:38:49,753 - __main__ - ERROR - Failed to read frame from camera 0
2025-09-21 07:38:50,769 - __main__ - ERROR - Failed to read frame from camera 0
2025-09-21 07:38:51,783 - __main__ - ERROR - Failed to read frame from camera 0
2025-09-21 07:38:52,797 - __main__ - ERROR - Failed to read frame from camera 0
2025-09-21 07:38:53,800 - __main__ - ERROR - Failed to read frame from camera 0
2025-09-21 07:38:54,809 - __main__ - ERROR - Failed to read frame from camera 0
2025-09-21 07:38:55,822 - __main__ - ERROR - Failed to read frame from camera 0
2025-09-21 07:38:56,836 - __main__ - ERROR - Failed to read frame from camera 0
2025-09-21 07:38:57,849 - __main__ - ERROR - Failed to read frame from camera 0
2025-09-21 07:38:58,862 - __main__ - ERROR - Failed to read frame from camera 0
2025-09-21 07:38:59,877 - __main__ - ERROR - Failed to read frame from camera 0
2025-09-21 07:39:00,890 - __main__ - ERROR - Failed to read frame from camera 0
2025-09-21 07:39:01,899 - __main__ - ERROR - Failed to read frame from camera 0
2025-09-21 07:39:02,903 - __main__ - ERROR - Failed to read frame from camera 0
2025-09-21 07:39:03,917 - __main__ - ERROR - Failed to read frame from camera 0
2025-09-21 07:39:04,930 - __main__ - ERROR - Failed to read frame from camera 0
2025-09-21 07:39:05,944 - __main__ - ERROR - Failed to read frame from camera 0
2025-09-21 07:39:06,958 - __main__ - ERROR - Failed to read frame from camera 0
2025-09-21 07:39:07,970 - __main__ - ERROR - Failed to read frame from camera 0
2025-09-21 07:39:08,980 - __main__ - ERROR - Failed to read frame from camera 0
2025-09-21 07:39:09,990 - __main__ - ERROR - Failed to read frame from camera 0
2025-09-21 07:39:11,004 - __main__ - ERROR - Failed to read frame from camera 0
2025-09-21 07:39:12,018 - __main__ - ERROR - Failed to read frame from camera 0
2025-09-21 07:39:13,020 - __main__ - ERROR - Failed to read frame from camera 0
2025-09-21 07:39:14,021 - __main__ - ERROR - Failed to read frame from camera 0
2025-09-21 07:39:15,023 - __main__ - ERROR - Failed to read frame from camera 0
2025-09-21 07:39:16,024 - __main__ - ERROR - Failed to read frame from camera 0
2025-09-21 07:39:17,025 - __main__ - ERROR - Failed to read frame from camera 0
2025-09-21 07:39:18,030 - __main__ - ERROR - Failed to read frame from camera 0
2025-09-21 07:39:19,034 - __main__ - ERROR - Failed to read frame from camera 0
2025-09-21 07:39:20,044 - __main__ - ERROR - Failed to read frame from camera 0
2025-09-21 07:39:21,045 - __main__ - ERROR - Failed to read frame from camera 0
2025-09-21 07:39:22,061 - __main__ - ERROR - Failed to read frame from camera 0
2025-09-21 07:39:23,076 - __main__ - ERROR - Failed to read frame from camera 0
2025-09-21 07:39:24,077 - __main__ - ERROR - Failed to read frame from camera 0
2025-09-21 07:39:25,083 - __main__ - ERROR - Failed to read frame from camera 0
2025-09-21 07:39:26,086 - __main__ - ERROR - Failed to read frame from camera 0
2025-09-21 07:39:27,094 - __main__ - ERROR - Failed to read frame from camera 0
2025-09-21 07:39:28,105 - __main__ - ERROR - Failed to read frame from camera 0
2025-09-21 07:39:29,108 - __main__ - ERROR - Failed to read frame from camera 0
2025-09-21 07:39:30,111 - __main__ - ERROR - Failed to read frame from camera 0
2025-09-21 07:39:31,125 - __main__ - ERROR - Failed to read frame from camera 0
2025-09-21 07:39:32,136 - __main__ - ERROR - Failed to read frame from camera 0
2025-09-21 07:39:33,141 - __main__ - ERROR - Failed to read frame from camera 0
2025-09-21 07:39:34,152 - __main__ - ERROR - Failed to read frame from camera 0
2025-09-21 07:39:35,163 - __main__ - ERROR - Failed to read frame from camera 0
2025-09-21 07:39:36,176 - __main__ - ERROR - Failed to read frame from camera 0
2025-09-21 07:39:37,192 - __main__ - ERROR - Failed to read frame from camera 0
2025-09-21 07:39:38,199 - __main__ - ERROR - Failed to read frame from camera 0
2025-09-21 07:39:39,214 - __main__ - ERROR - Failed to read frame from camera 0
2025-09-21 07:39:40,224 - __main__ - ERROR - Failed to read frame from camera 0
2025-09-21 07:39:41,227 - __main__ - ERROR - Failed to read frame from camera 0
2025-09-21 07:39:42,243 - __main__ - ERROR - Failed to read frame from camera 0
2025-09-21 07:39:43,244 - __main__ - ERROR - Failed to read frame from camera 0
2025-09-21 07:39:44,257 - __main__ - ERROR - Failed to read frame from camera 0
2025-09-21 07:39:45,270 - __main__ - ERROR - Failed to read frame from camera 0
2025-09-21 07:39:46,274 - __main__ - ERROR - Failed to read frame from camera 0
2025-09-21 07:39:47,285 - __main__ - ERROR - Failed to read frame from camera 0
2025-09-21 07:39:48,286 - __main__ - ERROR - Failed to read frame from camera 0
2025-09-21 07:39:49,300 - __main__ - ERROR - Failed to read frame from camera 0
2025-09-21 07:39:50,314 - __main__ - ERROR - Failed to read frame from camera 0
2025-09-21 07:39:51,323 - __main__ - ERROR - Failed to read frame from camera 0
2025-09-21 07:39:52,331 - __main__ - ERROR - Failed to read frame from camera 0
2025-09-21 07:39:53,341 - __main__ - ERROR - Failed to read frame from camera 0
2025-09-21 07:39:54,354 - __main__ - ERROR - Failed to read frame from camera 0
2025-09-21 07:39:55,361 - __main__ - ERROR - Failed to read frame from camera 0
2025-09-21 07:39:56,367 - __main__ - ERROR - Failed to read frame from camera 0
2025-09-21 07:39:57,370 - __main__ - ERROR - Failed to read frame from camera 0
2025-09-21 07:39:58,375 - __main__ - ERROR - Failed to read frame from camera 0
2025-09-21 07:39:59,389 - __main__ - ERROR - Failed to read frame from camera 0
2025-09-21 07:40:00,392 - __main__ - ERROR - Failed to read frame from camera 0
2025-09-21 07:40:01,407 - __main__ - ERROR - Failed to read frame from camera 0
2025-09-21 07:40:02,414 - __main__ - ERROR - Failed to read frame from camera 0
2025-09-21 07:40:03,415 - __main__ - ERROR - Failed to read frame from camera 0
2025-09-21 07:40:04,428 - __main__ - ERROR - Failed to read frame from camera 0
2025-09-21 07:40:05,442 - __main__ - ERROR - Failed to read frame from camera 0
2025-09-21 07:40:06,451 - __main__ - ERROR - Failed to read frame from camera 0
2025-09-21 07:40:07,455 - __main__ - ERROR - Failed to read frame from camera 0
2025-09-21 07:40:08,464 - __main__ - ERROR - Failed to read frame from camera 0
2025-09-21 07:40:09,480 - __main__ - ERROR - Failed to read frame from camera 0
2025-09-21 07:40:10,485 - __main__ - ERROR - Failed to read frame from camera 0
2025-09-21 07:40:11,487 - __main__ - ERROR - Failed to read frame from camera 0
2025-09-21 07:40:12,503 - __main__ - ERROR - Failed to read frame from camera 0
2025-09-21 07:40:13,509 - __main__ - ERROR - Failed to read frame from camera 0
2025-09-21 07:40:14,515 - __main__ - ERROR - Failed to read frame from camera 0
2025-09-21 07:40:15,519 - __main__ - ERROR - Failed to read frame from camera 0
2025-09-21 07:40:16,533 - __main__ - ERROR - Failed to read frame from camera 0
2025-09-21 07:40:17,534 - __main__ - ERROR - Failed to read frame from camera 0
2025-09-21 07:40:18,569 - websockets.server - INFO - connection open
2025-09-21 07:40:18,573 - __main__ - ERROR - Failed to read frame from camera 0
2025-09-21 07:40:19,582 - __main__ - ERROR - Failed to read frame from camera 0
2025-09-21 07:40:20,596 - __main__ - ERROR - Failed to read frame from camera 0
2025-09-21 07:40:21,611 - __main__ - ERROR - Failed to read frame from camera 0
2025-09-21 07:40:22,620 - __main__ - ERROR - Failed to read frame from camera 0
2025-09-21 07:40:23,487 - werkzeug - INFO - 127.0.0.1 - - [21/Sep/2025 07:40:23] "OPTIONS /api/start-monitoring HTTP/1.1" 200 -
2025-09-21 07:40:23,522 - werkzeug - INFO - 127.0.0.1 - - [21/Sep/2025 07:40:23] "POST /api/start-monitoring HTTP/1.1" 200 -
2025-09-21 07:40:23,628 - __main__ - ERROR - Failed to read frame from camera 0
2025-09-21 07:40:24,644 - __main__ - ERROR - Failed to read frame from camera 0
2025-09-21 07:40:25,655 - __main__ - ERROR - Failed to read frame from camera 0
2025-09-21 07:40:26,656 - __main__ - ERROR - Failed to read frame from camera 0
2025-09-21 07:40:27,660 - __main__ - ERROR - Failed to read frame from camera 0
2025-09-21 07:40:28,672 - __main__ - ERROR - Failed to read frame from camera 0
2025-09-21 07:40:29,674 - __main__ - ERROR - Failed to read frame from camera 0
2025-09-21 07:40:30,675 - __main__ - ERROR - Failed to read frame from camera 0
2025-09-21 07:40:31,686 - __main__ - ERROR - Failed to read frame from camera 0
2025-09-21 07:40:32,688 - __main__ - ERROR - Failed to read frame from camera 0
2025-09-21 07:40:32,967 - __main__ - INFO - Started monitoring camera 0
2025-09-21 07:40:33,000 - __main__ - ERROR - Failed to read frame from camera 0
2025-09-21 07:40:33,699 - __main__ - ERROR - Failed to read frame from camera 0
2025-09-21 07:40:34,011 - __main__ - ERROR - Failed to read frame from camera 0
2025-09-21 07:40:34,711 - __main__ - ERROR - Failed to read frame from camera 0
2025-09-21 07:40:35,023 - __main__ - ERROR - Failed to read frame from camera 0
2025-09-21 07:40:35,723 - __main__ - ERROR - Failed to read frame from camera 0
2025-09-21 07:40:36,035 - __main__ - ERROR - Failed to read frame from camera 0
2025-09-21 07:40:36,725 - __main__ - ERROR - Failed to read frame from camera 0
2025-09-21 07:40:37,051 - __main__ - ERROR - Failed to read frame from camera 0
2025-09-21 07:40:37,737 - __main__ - ERROR - Failed to read frame from camera 0
2025-09-21 07:40:38,064 - __main__ - ERROR - Failed to read frame from camera 0
2025-09-21 07:40:38,746 - __main__ - ERROR - Failed to read frame from camera 0
2025-09-21 07:40:39,070 - __main__ - ERROR - Failed to read frame from camera 0
2025-09-21 07:40:39,760 - __main__ - ERROR - Failed to read frame from camera 0
2025-09-21 07:40:40,085 - __main__ - ERROR - Failed to read frame from camera 0
2025-09-21 07:40:40,771 - __main__ - ERROR - Failed to read frame from camera 0
2025-09-21 07:40:41,096 - __main__ - ERROR - Failed to read frame from camera 0
2025-09-21 07:40:41,783 - __main__ - ERROR - Failed to read frame from camera 0
2025-09-21 07:40:42,110 - __main__ - ERROR - Failed to read frame from camera 0
2025-09-21 07:40:42,796 - __main__ - ERROR - Failed to read frame from camera 0
2025-09-21 07:40:43,124 - __main__ - ERROR - Failed to read frame from camera 0
2025-09-21 07:40:43,811 - __main__ - ERROR - Failed to read frame from camera 0
2025-09-21 07:40:43,915 - werkzeug - INFO - 127.0.0.1 - - [21/Sep/2025 07:40:43] "OPTIONS /api/stop-monitoring HTTP/1.1" 200 -
2025-09-21 07:40:43,922 - werkzeug - INFO - 127.0.0.1 - - [21/Sep/2025 07:40:43] "POST /api/stop-monitoring HTTP/1.1" 200 -
2025-09-21 07:40:44,220 - __main__ - INFO - Stopped monitoring camera 0
2025-09-21 07:40:44,850 - __main__ - INFO - Stopped monitoring camera 0
2025-09-21 08:12:54,249 - websockets.server - INFO - connection open
2025-09-21 08:13:08,801 - werkzeug - INFO - 127.0.0.1 - - [21/Sep/2025 08:13:08] "OPTIONS /api/start-monitoring HTTP/1.1" 200 -
2025-09-21 08:13:08,876 - werkzeug - INFO - 127.0.0.1 - - [21/Sep/2025 08:13:08] "POST /api/start-monitoring HTTP/1.1" 200 -
2025-09-21 08:13:18,670 - __main__ - INFO - Started monitoring camera 0
2025-09-21 08:13:18,681 - __main__ - INFO - Stopped monitoring camera 0
2025-09-21 08:13:43,802 - werkzeug - INFO - 127.0.0.1 - - [21/Sep/2025 08:13:43] "OPTIONS /api/stop-monitoring HTTP/1.1" 200 -
2025-09-21 08:13:43,822 - werkzeug - INFO - 127.0.0.1 - - [21/Sep/2025 08:13:43] "POST /api/stop-monitoring HTTP/1.1" 200 -
2025-09-21 08:27:33,584 - websockets.server - INFO - connection open
2025-09-21 08:27:43,420 - werkzeug - INFO - 127.0.0.1 - - [21/Sep/2025 08:27:43] "OPTIONS /api/start-monitoring HTTP/1.1" 200 -
2025-09-21 08:27:43,451 - werkzeug - INFO - 127.0.0.1 - - [21/Sep/2025 08:27:43] "POST /api/start-monitoring HTTP/1.1" 200 -
2025-09-21 08:27:52,903 - __main__ - INFO - Started monitoring camera 0
2025-09-21 08:27:52,912 - __main__ - INFO - Stopped monitoring camera 0
2025-09-21 08:28:13,738 - werkzeug - INFO - 127.0.0.1 - - [21/Sep/2025 08:28:13] "OPTIONS /api/stop-monitoring HTTP/1.1" 200 -
2025-09-21 08:28:13,744 - werkzeug - INFO - 127.0.0.1 - - [21/Sep/2025 08:28:13] "POST /api/stop-monitoring HTTP/1.1" 200 -
2025-09-21 08:37:49,443 - websockets.server - INFO - connection open
2025-09-21 08:37:59,301 - werkzeug - INFO - 127.0.0.1 - - [21/Sep/2025 08:37:59] "OPTIONS /api/start-monitoring HTTP/1.1" 200 -
2025-09-21 08:37:59,328 - werkzeug - INFO - 127.0.0.1 - - [21/Sep/2025 08:37:59] "POST /api/start-monitoring HTTP/1.1" 200 -
2025-09-21 08:38:09,237 - __main__ - INFO - Started monitoring camera 0
2025-09-21 08:38:09,249 - __main__ - INFO - Stopped monitoring camera 0
